Start testing: May 14 17:11 CST
----------------------------------------------------------
1/1 Testing: allocator_test
1/1 Test: allocator_test
Command: "/home/chang/Desktop/matrix_acc/build/test/test_allocator"
Directory: /home/chang/Desktop/matrix_acc/build/test
"allocator_test" start time: May 14 17:11 CST
Output:
----------------------------------------------------------
=== Starting Allocator Tests ===

Testing alignPtr...
  Original ptr: 140733165331157
  Aligned ptr (16): 140733165331168
  Aligned ptr (256): 140733165331200
  alignPtr tests passed!

Testing alignSize...
  Original size: 100, aligned (16): 112
  Original size: 1000, aligned (256): 1024
  alignSize tests passed!

Testing fastMalloc and fastFree...
  Allocated 1024 bytes at 0x6170fd0412c0
  Memory write/read test passed!
  Memory freed successfully!
  Multiple allocations successful!
  Multiple deallocations successful!

Testing fastMalloc with alignPtr...
  Raw pointer: 107137909135584
  Aligned pointer (256): 107137909135616
  Data written to aligned memory successfully!
  Memory freed successfully!

Testing PoolAllocator...
  Pool allocations successful!
  Pool deallocations successful!
  Pool cleared!

=== All Tests Passed! ===
<end of output>
Test time =   0.00 sec
----------------------------------------------------------
Test Passed.
"allocator_test" end time: May 14 17:11 CST
"allocator_test" time elapsed: 00:00:00
----------------------------------------------------------

End testing: May 14 17:11 CST
